2018-03-02 14:13:35.022    l:85    Preferences.swift                shouldRecordAccelerometer                  Preference.shouldRecordAccelerometer was set to = true
2018-03-02 14:13:36.038    l:143   IrisSessionManager.swift         useBiosensePattern                         BiosensePattern(state: running, biosenseDuration: 2147483647, pauseDuration: 0)
2018-03-02 14:13:36.039    l:57    BiosensePattern.swift            activate()                                 
2018-03-02 14:13:36.039    l:69    IrisManager.swift                startScanning()                            
2018-03-02 14:13:36.039    l:59    AppDelegate.swift                application(_:didFinishLaunchingWithO...   Preferences.shouldShowFirstDerivative      = false
2018-03-02 14:13:36.039    l:60    AppDelegate.swift                application(_:didFinishLaunchingWithO...   Preferences.shouldSendNotifications        = false
2018-03-02 14:13:36.039    l:61    AppDelegate.swift                application(_:didFinishLaunchingWithO...   Preferences.shouldRecordRawData            = true
2018-03-02 14:13:36.039    l:62    AppDelegate.swift                application(_:didFinishLaunchingWithO...   Preferences.shouldRecordAccelerometer      = true
2018-03-02 14:13:36.039    l:63    AppDelegate.swift                application(_:didFinishLaunchingWithO...   Preferences.shouldUploadToServer           = true
2018-03-02 14:13:36.040    l:64    AppDelegate.swift                application(_:didFinishLaunchingWithO...   Preferences.shouldDetectSkin               = false
2018-03-02 14:13:36.040    l:65    AppDelegate.swift                application(_:didFinishLaunchingWithO...   Configuration.includeUploadToServer        = true
2018-03-02 14:13:36.040    l:66    AppDelegate.swift                application(_:didFinishLaunchingWithO...   Configuration.includeHospitalFormOnConnect = false
2018-03-02 14:13:36.040    l:250   IrisManager.swift                centralManagerDidUpdateState               BLE State: CBCentralManager.poweredOn
2018-03-02 14:13:36.040    l:69    IrisManager.swift                startScanning()                            
2018-03-02 14:13:36.040    l:77    IrisManager.swift                startScanning()                            Started scanning for IRIS...
2018-03-02 14:13:36.155    l:74    AppDelegate.swift                applicationDidBecomeActive                 
2018-03-02 14:13:40.514    l:155   Iris.swift                       init(peripheral:queue:advertisementDa...   Advertisement data: ["kCBAdvDataIsConnectable": 1, "kCBAdvDataServiceUUIDs": <__NSArrayM 0x1c82408a0>(
0100,
Battery,
0400,
0500,
0700,
0600
)
, "kCBAdvDataLocalName": IRIS-120022]
2018-03-02 14:13:40.515    l:161   Iris.swift                       init(peripheral:queue:advertisementDa...   👶 Initializing IRIS-120022
2018-03-02 14:13:40.515    l:273   IrisManager.swift                centralManager(_:didDiscover:advertis...   Found IRIS with UUID: 478B6CB1-CF16-3885-7A75-624299730788, advData: ["kCBAdvDataIsConnectable": 1, "kCBAdvDataServiceUUIDs": <__NSArrayM 0x1c82408a0>(
0100,
Battery,
0400,
0500,
0700,
0600
)
, "kCBAdvDataLocalName": IRIS-120022], services: nil, rssi: -37
2018-03-02 14:13:40.516    l:174   IrisManager.swift                addToAvailableIrises(iris:)                IRIS(name: IRIS-120022, deviceID: -, connected: false, bleUUID: 478B6CB1-CF16-3885-7A75-624299730788)
2018-03-02 14:13:40.516    l:175   IrisManager.swift                addToAvailableIrises(iris:)                Available: [], connecting: [], connected: []
2018-03-02 14:13:40.517    l:177   IrisManager.swift                addToAvailableIrises(iris:)                Available: [IRIS(name: IRIS-120022, deviceID: -, connected: false, bleUUID: 478B6CB1-CF16-3885-7A75-624299730788)], connecting: [], connected: []
2018-03-02 14:13:40.517    l:280   IrisManager.swift                centralManager(_:didDiscover:advertis...   Initializing irisUnavailableTimers[478B6CB1-CF16-3885-7A75-624299730788] on queue: <NSThread: 0x1c046ee00>{number = 3, name = (null)}
2018-03-02 14:13:40.517    l:289   IrisManager.swift                centralManager(_:didDiscover:advertis...   Starting irisUnavailableTimers[478B6CB1-CF16-3885-7A75-624299730788] on queue: <NSThread: 0x1c046ee00>{number = 3, name = (null)}
2018-03-02 14:13:40.518    l:314   IrisSessionManager.swift         handleNew(rssi:from:)                      Will connect...
2018-03-02 14:13:40.518    l:289   IrisManager.swift                centralManager(_:didDiscover:advertis...   Starting irisUnavailableTimers[478B6CB1-CF16-3885-7A75-624299730788] on queue: <NSThread: 0x1c046ee00>{number = 3, name = (null)}
2018-03-02 14:13:40.518    l:101   IrisManager.swift                connect(to:)                               Will connect to iris IRIS(name: IRIS-120022, deviceID: -, connected: false, bleUUID: 478B6CB1-CF16-3885-7A75-624299730788)...
2018-03-02 14:13:40.519    l:103   IrisManager.swift                connect(to:)                               Stopping irisUnavailableTimers[478B6CB1-CF16-3885-7A75-624299730788] on queue: <NSThread: 0x1c046ee00>{number = 3, name = (null)}
2018-03-02 14:13:40.519    l:107   IrisManager.swift                connect(to:)                               Available: [IRIS(name: IRIS-120022, deviceID: -, connected: false, bleUUID: 478B6CB1-CF16-3885-7A75-624299730788)], connecting: [], connected: []
2018-03-02 14:13:40.519    l:184   IrisManager.swift                removeFromAvailableIrises(iris:)           Available: [IRIS(name: IRIS-120022, deviceID: -, connected: false, bleUUID: 478B6CB1-CF16-3885-7A75-624299730788)], connecting: [IRIS(name: IRIS-120022, deviceID: -, connected: false, bleUUID: 478B6CB1-CF16-3885-7A75-624299730788)], connected: []
2018-03-02 14:13:40.520    l:189   IrisManager.swift                removeFromAvailableIrises(iris:)           Available: [], connecting: [IRIS(name: IRIS-120022, deviceID: -, connected: false, bleUUID: 478B6CB1-CF16-3885-7A75-624299730788)], connected: []
2018-03-02 14:13:40.521    l:190   IrisManager.swift                removeFromAvailableIrises(iris:)           IRIS(name: IRIS-120022, deviceID: -, connected: false, bleUUID: 478B6CB1-CF16-3885-7A75-624299730788)
2018-03-02 14:13:40.522    l:112   IrisManager.swift                connect(to:)                               Available: [], connecting: [IRIS(name: IRIS-120022, deviceID: -, connected: false, bleUUID: 478B6CB1-CF16-3885-7A75-624299730788)], connected: []
2018-03-02 14:13:40.522    l:86    IrisManager.swift                stopScanning()                             
2018-03-02 14:13:42.046    l:305   IrisManager.swift                centralManager(_:didConnect:)              Did connect to IRIS-120022 with UUID 478B6CB1-CF16-3885-7A75-624299730788. Will start discovering characteristics...
2018-03-02 14:13:42.047    l:169   Iris.swift                       discoverServicesAndCharacteristics(co...   Initializing discoverCharacteristicsWatchdog on queue: <NSThread: 0x1c046ee00>{number = 3, name = (null)}
2018-03-02 14:13:42.048    l:187   Iris.swift                       discoverServicesAndCharacteristics(co...   Starting discoverCharacteristicsWatchdog on queue: <NSThread: 0x1c046ee00>{number = 3, name = (null)}
2018-03-02 14:13:42.376    l:42    Iris.swift                       servicesLeftToDiscoverCharacteristicsFor   servicesLeftToDiscoverCharacteristicsFor got set to Optional([<CBService: 0x1c8464d80, isPrimary = YES, UUID = 7C960100-D7D1-47C3-893E-111393C3F9A4>, <CBService: 0x1c8465180, isPrimary = YES, UUID = 7C960200-D7D1-47C3-893E-111393C3F9A4>, <CBService: 0x1c8465440, isPrimary = YES, UUID = 7C960700-D7D1-47C3-893E-111393C3F9A4>, <CBService: 0x1c8465480, isPrimary = YES, UUID = 7C960500-D7D1-47C3-893E-111393C3F9A4>, <CBService: 0x1c84661c0, isPrimary = YES, UUID = 7C960400-D7D1-47C3-893E-111393C3F9A4>, <CBService: 0x1c8463180, isPrimary = YES, UUID = 7C960600-D7D1-47C3-893E-111393C3F9A4>, <CBService: 0x1c826ec00, isPrimary = YES, UUID = 8E400001-F315-4F60-9FB8-838830DAEA50>, <CBService: 0x1c826e9c0, isPrimary = YES, UUID = 7C96180F-D7D1-47C3-893E-111393C3F9A4>])
2018-03-02 14:13:42.377    l:370   Iris.swift                       peripheral(_:didDiscoverServices:)         Starting discoverCharacteristicsWatchdog on queue: <NSThread: 0x1c846a3c0>{number = 4, name = (null)}
2018-03-02 14:13:42.437    l:395   Iris.swift                       peripheral(_:didDiscoverCharacteristi...   Subscribing to error message characteristic
2018-03-02 14:13:42.438    l:42    Iris.swift                       servicesLeftToDiscoverCharacteristicsFor   servicesLeftToDiscoverCharacteristicsFor got set to Optional([<CBService: 0x1c8465180, isPrimary = YES, UUID = 7C960200-D7D1-47C3-893E-111393C3F9A4>, <CBService: 0x1c8465440, isPrimary = YES, UUID = 7C960700-D7D1-47C3-893E-111393C3F9A4>, <CBService: 0x1c8465480, isPrimary = YES, UUID = 7C960500-D7D1-47C3-893E-111393C3F9A4>, <CBService: 0x1c84661c0, isPrimary = YES, UUID = 7C960400-D7D1-47C3-893E-111393C3F9A4>, <CBService: 0x1c8463180, isPrimary = YES, UUID = 7C960600-D7D1-47C3-893E-111393C3F9A4>, <CBService: 0x1c826ec00, isPrimary = YES, UUID = 8E400001-F315-4F60-9FB8-838830DAEA50>, <CBService: 0x1c826e9c0, isPrimary = YES, UUID = 7C96180F-D7D1-47C3-893E-111393C3F9A4>])
2018-03-02 14:13:42.439    l:416   Iris.swift                       peripheral(_:didDiscoverCharacteristi...   Starting discoverCharacteristicsWatchdog on queue: <NSThread: 0x1c846a3c0>{number = 4, name = (null)}
2018-03-02 14:13:42.556    l:42    Iris.swift                       servicesLeftToDiscoverCharacteristicsFor   servicesLeftToDiscoverCharacteristicsFor got set to Optional([<CBService: 0x1c8465440, isPrimary = YES, UUID = 7C960700-D7D1-47C3-893E-111393C3F9A4>, <CBService: 0x1c8465480, isPrimary = YES, UUID = 7C960500-D7D1-47C3-893E-111393C3F9A4>, <CBService: 0x1c84661c0, isPrimary = YES, UUID = 7C960400-D7D1-47C3-893E-111393C3F9A4>, <CBService: 0x1c8463180, isPrimary = YES, UUID = 7C960600-D7D1-47C3-893E-111393C3F9A4>, <CBService: 0x1c826ec00, isPrimary = YES, UUID = 8E400001-F315-4F60-9FB8-838830DAEA50>, <CBService: 0x1c826e9c0, isPrimary = YES, UUID = 7C96180F-D7D1-47C3-893E-111393C3F9A4>])
2018-03-02 14:13:42.557    l:416   Iris.swift                       peripheral(_:didDiscoverCharacteristi...   Starting discoverCharacteristicsWatchdog on queue: <NSThread: 0x1c846a3c0>{number = 4, name = (null)}
2018-03-02 14:13:42.615    l:42    Iris.swift                       servicesLeftToDiscoverCharacteristicsFor   servicesLeftToDiscoverCharacteristicsFor got set to Optional([<CBService: 0x1c8465480, isPrimary = YES, UUID = 7C960500-D7D1-47C3-893E-111393C3F9A4>, <CBService: 0x1c84661c0, isPrimary = YES, UUID = 7C960400-D7D1-47C3-893E-111393C3F9A4>, <CBService: 0x1c8463180, isPrimary = YES, UUID = 7C960600-D7D1-47C3-893E-111393C3F9A4>, <CBService: 0x1c826ec00, isPrimary = YES, UUID = 8E400001-F315-4F60-9FB8-838830DAEA50>, <CBService: 0x1c826e9c0, isPrimary = YES, UUID = 7C96180F-D7D1-47C3-893E-111393C3F9A4>])
2018-03-02 14:13:42.616    l:416   Iris.swift                       peripheral(_:didDiscoverCharacteristi...   Starting discoverCharacteristicsWatchdog on queue: <NSThread: 0x1c846a3c0>{number = 4, name = (null)}
2018-03-02 14:13:42.674    l:42    Iris.swift                       servicesLeftToDiscoverCharacteristicsFor   servicesLeftToDiscoverCharacteristicsFor got set to Optional([<CBService: 0x1c84661c0, isPrimary = YES, UUID = 7C960400-D7D1-47C3-893E-111393C3F9A4>, <CBService: 0x1c8463180, isPrimary = YES, UUID = 7C960600-D7D1-47C3-893E-111393C3F9A4>, <CBService: 0x1c826ec00, isPrimary = YES, UUID = 8E400001-F315-4F60-9FB8-838830DAEA50>, <CBService: 0x1c826e9c0, isPrimary = YES, UUID = 7C96180F-D7D1-47C3-893E-111393C3F9A4>])
2018-03-02 14:13:42.675    l:416   Iris.swift                       peripheral(_:didDiscoverCharacteristi...   Starting discoverCharacteristicsWatchdog on queue: <NSThread: 0x1c846a3c0>{number = 4, name = (null)}
2018-03-02 14:13:42.734    l:42    Iris.swift                       servicesLeftToDiscoverCharacteristicsFor   servicesLeftToDiscoverCharacteristicsFor got set to Optional([<CBService: 0x1c8463180, isPrimary = YES, UUID = 7C960600-D7D1-47C3-893E-111393C3F9A4>, <CBService: 0x1c826ec00, isPrimary = YES, UUID = 8E400001-F315-4F60-9FB8-838830DAEA50>, <CBService: 0x1c826e9c0, isPrimary = YES, UUID = 7C96180F-D7D1-47C3-893E-111393C3F9A4>])
2018-03-02 14:13:42.735    l:416   Iris.swift                       peripheral(_:didDiscoverCharacteristi...   Starting discoverCharacteristicsWatchdog on queue: <NSThread: 0x1c807ef00>{number = 5, name = (null)}
2018-03-02 14:13:42.794    l:42    Iris.swift                       servicesLeftToDiscoverCharacteristicsFor   servicesLeftToDiscoverCharacteristicsFor got set to Optional([<CBService: 0x1c826ec00, isPrimary = YES, UUID = 8E400001-F315-4F60-9FB8-838830DAEA50>, <CBService: 0x1c826e9c0, isPrimary = YES, UUID = 7C96180F-D7D1-47C3-893E-111393C3F9A4>])
2018-03-02 14:13:42.795    l:416   Iris.swift                       peripheral(_:didDiscoverCharacteristi...   Starting discoverCharacteristicsWatchdog on queue: <NSThread: 0x1c846a3c0>{number = 4, name = (null)}
2018-03-02 14:13:42.854    l:42    Iris.swift                       servicesLeftToDiscoverCharacteristicsFor   servicesLeftToDiscoverCharacteristicsFor got set to Optional([<CBService: 0x1c826e9c0, isPrimary = YES, UUID = 7C96180F-D7D1-47C3-893E-111393C3F9A4>])
2018-03-02 14:13:42.855    l:416   Iris.swift                       peripheral(_:didDiscoverCharacteristi...   Starting discoverCharacteristicsWatchdog on queue: <NSThread: 0x1c846a3c0>{number = 4, name = (null)}
2018-03-02 14:13:42.973    l:42    Iris.swift                       servicesLeftToDiscoverCharacteristicsFor   servicesLeftToDiscoverCharacteristicsFor got set to Optional([])
2018-03-02 14:13:42.974    l:406   Iris.swift                       peripheral(_:didDiscoverCharacteristi...   Found characteristics for all the available services
2018-03-02 14:13:42.975    l:408   Iris.swift                       peripheral(_:didDiscoverCharacteristi...   Stopping discoverCharacteristicsWatchdog on queue: <NSThread: 0x1c807ef00>{number = 5, name = (null)}
2018-03-02 14:13:42.976    l:42    Iris.swift                       servicesLeftToDiscoverCharacteristicsFor   servicesLeftToDiscoverCharacteristicsFor got set to nil
2018-03-02 14:13:42.977    l:228   IrisManager.swift                discoverServicesAndCharacteristics(for:)   Setting up IRIS-120022 with config IRIS
2018-03-02 14:13:42.977    l:761   Iris.swift                       sendSetADCGainRequest(gain:)               Sending a set ADC gain request to one (0x01)
2018-03-02 14:13:42.978    l:754   Iris.swift                       sendSetADCSpeedRequest(adcSpeed:)          Sending a set ADC speed request to _1000 (0x03)
2018-03-02 14:13:42.979    l:745   Iris.swift                       sendSetSampleIntervalRequest(interval:)    Sending a set sample interval request to 75
2018-03-02 14:13:42.980    l:671   Iris.swift                       sendSet(numberOfLedGroups:)                Setting the number of LED groups to 4
2018-03-02 14:13:42.980    l:687   Iris.swift                       sendSet(ledsIndices:forLedGroupIndex:)     Setting the LED bitmask 00000000 for LED group with index 0
2018-03-02 14:13:42.981    l:687   Iris.swift                       sendSet(ledsIndices:forLedGroupIndex:)     Setting the LED bitmask 10000010 for LED group with index 1
2018-03-02 14:13:42.981    l:687   Iris.swift                       sendSet(ledsIndices:forLedGroupIndex:)     Setting the LED bitmask 00101000 for LED group with index 2
2018-03-02 14:13:42.982    l:687   Iris.swift                       sendSet(ledsIndices:forLedGroupIndex:)     Setting the LED bitmask 01010000 for LED group with index 3
2018-03-02 14:13:42.983    l:647   Iris.swift                       sendSetLedCurrentRequest(index:current:)   Setting the current to 0 for LED at index 0 using payload <0x01, 0x01, 0x00>
2018-03-02 14:13:42.983    l:647   Iris.swift                       sendSetLedCurrentRequest(index:current:)   Setting the current to 30 for LED at index 1 using payload <0x01, 0x02, 0x1E>
2018-03-02 14:13:42.984    l:647   Iris.swift                       sendSetLedCurrentRequest(index:current:)   Setting the current to 0 for LED at index 2 using payload <0x01, 0x04, 0x00>
2018-03-02 14:13:42.984    l:647   Iris.swift                       sendSetLedCurrentRequest(index:current:)   Setting the current to 40 for LED at index 3 using payload <0x01, 0x08, 0x28>
2018-03-02 14:13:42.985    l:647   Iris.swift                       sendSetLedCurrentRequest(index:current:)   Setting the current to 60 for LED at index 4 using payload <0x01, 0x10, 0x3C>
2018-03-02 14:13:42.986    l:647   Iris.swift                       sendSetLedCurrentRequest(index:current:)   Setting the current to 40 for LED at index 5 using payload <0x01, 0x20, 0x28>
2018-03-02 14:13:42.987    l:647   Iris.swift                       sendSetLedCurrentRequest(index:current:)   Setting the current to 60 for LED at index 6 using payload <0x01, 0x40, 0x3C>
2018-03-02 14:13:42.987    l:647   Iris.swift                       sendSetLedCurrentRequest(index:current:)   Setting the current to 20 for LED at index 7 using payload <0x01, 0x80, 0x14>
2018-03-02 14:13:42.988    l:234   IrisManager.swift                discoverServicesAndCharacteristics(for:)   Available: [], connecting: [IRIS(name: IRIS-120022, deviceID: -, connected: true, bleUUID: 478B6CB1-CF16-3885-7A75-624299730788)], connected: []
2018-03-02 14:13:42.989    l:236   IrisManager.swift                discoverServicesAndCharacteristics(for:)   Available: [], connecting: [], connected: []
2018-03-02 14:13:42.989    l:197   IrisManager.swift                addToConnectedIrises(iris:)                IRIS(name: IRIS-120022, deviceID: -, connected: true, bleUUID: 478B6CB1-CF16-3885-7A75-624299730788)
2018-03-02 14:13:42.990    l:198   IrisManager.swift                addToConnectedIrises(iris:)                Available: [], connecting: [], connected: []
2018-03-02 14:13:42.990    l:200   IrisManager.swift                addToConnectedIrises(iris:)                Available: [], connecting: [], connected: [IRIS(name: IRIS-120022, deviceID: -, connected: true, bleUUID: 478B6CB1-CF16-3885-7A75-624299730788)]
2018-03-02 14:13:42.991    l:262   IrisSessionManager.swift         handleIrisConnected(iris:)                 Connected to: IRIS(name: IRIS-120022, deviceID: -, connected: true, bleUUID: 478B6CB1-CF16-3885-7A75-624299730788)
2018-03-02 14:13:42.992    l:242   Iris.swift                       send                                       Will send packet: batteryLevel(Proto.Iris.Request.DualLoopState.start)
2018-03-02 14:13:42.992    l:620   Iris.swift                       sendBatteryLevelRequest(loopState:)        Subscribing to the battery characteristic
2018-03-02 14:13:42.993    l:242   Iris.swift                       send                                       Will send packet: dieTemperature(Proto.Iris.Request.TriLoopState.start(Optional(10000)))
2018-03-02 14:13:42.994    l:823   Iris.swift                       sendDieTemperatureRequest(loopState:)      Setting the die temperature loop interval: 10000. Using payload: <0x00, 0x27, 0x10>
2018-03-02 14:13:42.994    l:826   Iris.swift                       sendDieTemperatureRequest(loopState:)      Starting the die temperature loop
2018-03-02 14:13:42.995    l:242   Iris.swift                       send                                       Will send packet: skinTemperature(Proto.Iris.Request.TriLoopState.start(Optional(5000)))
2018-03-02 14:13:42.996    l:844   Iris.swift                       sendSkinTemperatureRequest(loopState:)     Setting the skin temperature loop interval: 5000. Using payload: <0x01, 0x13, 0x88>
2018-03-02 14:13:42.996    l:847   Iris.swift                       sendSkinTemperatureRequest(loopState:)     Starting the skin temperature loop
2018-03-02 14:13:42.996    l:242   Iris.swift                       send                                       Will send packet: deviceIdentifier
2018-03-02 14:13:42.997    l:631   Iris.swift                       sendDeviceIdentifierRequest()              Requesting the device identifier
2018-03-02 14:13:42.997    l:242   Iris.swift                       send                                       Will send packet: firmwareVersionRequest
2018-03-02 14:13:42.997    l:576   Iris.swift                       sendFirmwareVersionRequest()               Requesting the device firmware version
2018-03-02 14:13:42.998    l:242   Iris.swift                       send                                       Will send packet: setOpticalSensorMode(Proto.Iris.Request.OpticalSensorMode.biosense)
2018-03-02 14:13:42.998    l:713   Iris.swift                       sendSet(opticalSensorMode:)                Setting the sensor mode to biosense (0x01)
2018-03-02 14:13:42.998    l:57    BiosensePattern.swift            activate()                                 
2018-03-02 14:13:42.999    l:242   Iris.swift                       send                                       Will send packet: startOpticalSensorLoop
2018-03-02 14:13:42.999    l:726   Iris.swift                       sendStartOpticalSensorLoop()               Subscribing to the optical sensor loop
2018-03-02 14:13:42.999    l:133   MOONEngine.swift                 resetWith(config:calculationsInterval:)    Got color order [Proto.MOONEngine.SampleColor.ambient, Proto.MOONEngine.SampleColor.red, Proto.MOONEngine.SampleColor.infrared, Proto.MOONEngine.SampleColor.green] from IrisConfig(name: "IRIS", adcGain: Proto.Iris.Request.ADCGain.one, adcSpeed: Proto.Iris.Request.ADCSpeed._1000, sampleInterval: 75, currentPerLED: [0, 30, 0, 40, 60, 40, 60, 20], ledWavelengths: [570, 625, 570, 940, 525, 940, 525, 625], ledGroups: [[], [1, 7], [3, 5], [4, 6]])
2018-03-02 14:13:43.245    l:242   Iris.swift                       send                                       Will send packet: accelerometer(Proto.Iris.Request.DualLoopState.start)
2018-03-02 14:13:43.246    l:801   Iris.swift                       sendAccelerometerRequest(loopState:)       Subscribing to the accelerometer
2018-03-02 14:13:43.325    l:106   FilePrimitives.swift             makeSureFolderExists(atPath:)              Successfully created the folder at path: /var/mobile/Containers/Data/Application/BF602907-53D5-4B01-B4E2-ABEDE879F760/Documents/IRIS/Recorded Data/2 mar. 2018 14.13.43
2018-03-02 14:13:43.327    l:184   IrisSessionManager.swift         startRecording(recordDataToFiles:reco...   Starting recording...

2018-03-02 14:13:43.332    l:472   Iris.swift                       peripheral(_:didWriteValueFor:error:)      Wrote to characteristic 7C960501-D7D1-47C3-893E-111393C3F9A4. Value: nil
2018-03-02 14:13:43.332    l:472   Iris.swift                       peripheral(_:didWriteValueFor:error:)      Wrote to characteristic 7C960501-D7D1-47C3-893E-111393C3F9A4. Value: nil
2018-03-02 14:13:43.332    l:472   Iris.swift                       peripheral(_:didWriteValueFor:error:)      Wrote to characteristic 7C960501-D7D1-47C3-893E-111393C3F9A4. Value: nil
2018-03-02 14:13:43.332    l:472   Iris.swift                       peripheral(_:didWriteValueFor:error:)      Wrote to characteristic 7C960402-D7D1-47C3-893E-111393C3F9A4. Value: nil
2018-03-02 14:13:43.392    l:472   Iris.swift                       peripheral(_:didWriteValueFor:error:)      Wrote to characteristic 7C960402-D7D1-47C3-893E-111393C3F9A4. Value: nil
2018-03-02 14:13:43.452    l:472   Iris.swift                       peripheral(_:didWriteValueFor:error:)      Wrote to characteristic 7C960402-D7D1-47C3-893E-111393C3F9A4. Value: nil
2018-03-02 14:13:43.542    l:472   Iris.swift                       peripheral(_:didWriteValueFor:error:)      Wrote to characteristic 7C960402-D7D1-47C3-893E-111393C3F9A4. Value: nil
2018-03-02 14:13:43.602    l:472   Iris.swift                       peripheral(_:didWriteValueFor:error:)      Wrote to characteristic 7C960402-D7D1-47C3-893E-111393C3F9A4. Value: nil
2018-03-02 14:13:43.662    l:472   Iris.swift                       peripheral(_:didWriteValueFor:error:)      Wrote to characteristic 7C960401-D7D1-47C3-893E-111393C3F9A4. Value: nil
2018-03-02 14:13:43.723    l:472   Iris.swift                       peripheral(_:didWriteValueFor:error:)      Wrote to characteristic 7C960401-D7D1-47C3-893E-111393C3F9A4. Value: nil
2018-03-02 14:13:43.782    l:472   Iris.swift                       peripheral(_:didWriteValueFor:error:)      Wrote to characteristic 7C960401-D7D1-47C3-893E-111393C3F9A4. Value: nil
2018-03-02 14:13:43.842    l:472   Iris.swift                       peripheral(_:didWriteValueFor:error:)      Wrote to characteristic 7C960401-D7D1-47C3-893E-111393C3F9A4. Value: nil
2018-03-02 14:13:43.902    l:472   Iris.swift                       peripheral(_:didWriteValueFor:error:)      Wrote to characteristic 7C960401-D7D1-47C3-893E-111393C3F9A4. Value: nil
2018-03-02 14:13:43.963    l:472   Iris.swift                       peripheral(_:didWriteValueFor:error:)      Wrote to characteristic 7C960401-D7D1-47C3-893E-111393C3F9A4. Value: nil
2018-03-02 14:13:44.022    l:472   Iris.swift                       peripheral(_:didWriteValueFor:error:)      Wrote to characteristic 7C960401-D7D1-47C3-893E-111393C3F9A4. Value: nil
2018-03-02 14:13:44.083    l:472   Iris.swift                       peripheral(_:didWriteValueFor:error:)      Wrote to characteristic 7C960401-D7D1-47C3-893E-111393C3F9A4. Value: nil
2018-03-02 14:13:44.262    l:465   Iris.swift                       peripheral(_:didUpdateNotificationSta...   Notifications for 7C962A19-D7D1-47C3-893E-111393C3F9A4 is set to true
2018-03-02 14:13:44.323    l:472   Iris.swift                       peripheral(_:didWriteValueFor:error:)      Wrote to characteristic 7C960701-D7D1-47C3-893E-111393C3F9A4. Value: nil
2018-03-02 14:13:44.473    l:465   Iris.swift                       peripheral(_:didUpdateNotificationSta...   Notifications for 7C960703-D7D1-47C3-893E-111393C3F9A4 is set to true
2018-03-02 14:13:44.533    l:472   Iris.swift                       peripheral(_:didWriteValueFor:error:)      Wrote to characteristic 7C960701-D7D1-47C3-893E-111393C3F9A4. Value: nil
2018-03-02 14:13:44.653    l:465   Iris.swift                       peripheral(_:didUpdateNotificationSta...   Notifications for 7C960704-D7D1-47C3-893E-111393C3F9A4 is set to true
2018-03-02 14:13:44.832    l:472   Iris.swift                       peripheral(_:didWriteValueFor:error:)      Wrote to characteristic 7C960501-D7D1-47C3-893E-111393C3F9A4. Value: nil
2018-03-02 14:13:44.953    l:465   Iris.swift                       peripheral(_:didUpdateNotificationSta...   Notifications for 7C960502-D7D1-47C3-893E-111393C3F9A4 is set to true
2018-03-02 14:13:45.073    l:465   Iris.swift                       peripheral(_:didUpdateNotificationSta...   Notifications for 7C960602-D7D1-47C3-893E-111393C3F9A4 is set to true
2018-03-02 14:13:47.653    l:41    RealmUploader.swift              attemptToUploadAllRecordings()             Will attempt to upload all recordings
2018-03-02 14:13:47.670    l:78    RealmUploader.swift              uploadFiles(for:completionHandler:)        Attempting to upload file (2725 bytes) with path: /var/mobile/Containers/Data/Application/BF602907-53D5-4B01-B4E2-ABEDE879F760/Documents/IRIS/Recorded Data/23 feb. 2018 14.59.23/Engine - 23 feb. 2018 14.59.23.csv
2018-03-02 14:13:47.709    l:78    RealmUploader.swift              uploadFiles(for:completionHandler:)        Attempting to upload file (176904 bytes) with path: /var/mobile/Containers/Data/Application/BF602907-53D5-4B01-B4E2-ABEDE879F760/Documents/IRIS/Recorded Data/23 feb. 2018 14.59.23/Log - 23 feb. 2018 14.59.23.log
2018-03-02 14:13:47.719    l:78    RealmUploader.swift              uploadFiles(for:completionHandler:)        Attempting to upload file (1134592 bytes) with path: /var/mobile/Containers/Data/Application/BF602907-53D5-4B01-B4E2-ABEDE879F760/Documents/IRIS/Recorded Data/23 feb. 2018 14.59.23/Raw - 23 feb. 2018 14.59.23.csv
2018-03-02 14:13:47.730    l:120   RealmUploader.swift              uploadMetadata(for:completionHandler:)     Attempting to upload metadata: RecordingMetadata(name: Anne-Elisabeth sin iPad, startDate: 2018-02-23T13:59:29Z, endDate: Optional("2018-02-23T14:02:09Z"), duration: Optional(160.0269470214844), iris: Optional("120022"), s3Folder: Optional("IRIS-120022 - Anne-Elisabeth sin iPad - 23.02.2018 14:59:29"), appVersion: Optional("0.17 (1777)"), irisFirmwareVersion: Optional("0.8.1"))
2018-03-02 14:13:49.302    l:136   RealmUploader.swift              uploadMetadata(for:completionHandler:)     Successfully uploaded metadata: RecordingMetadata(name: Anne-Elisabeth sin iPad, startDate: 2018-02-23T13:59:29Z, endDate: Optional("2018-02-23T14:02:09Z"), duration: Optional(160.0269470214844), iris: Optional("120022"), s3Folder: Optional("IRIS-120022 - Anne-Elisabeth sin iPad - 23.02.2018 14:59:29"), appVersion: Optional("0.17 (1777)"), irisFirmwareVersion: Optional("0.8.1")), with output: Optional(<AWSDynamoDBPutItemOutput: 0x1c403e080> {
})
2018-03-02 14:13:58.346    l:102   RealmUploader.swift              uploadFiles(for:completionHandler:)        Uploaded file to folder in bucket: IRIS-120022 - Anne-Elisabeth sin iPad - 23.02.2018 14:59:29/Engine - 23 feb. 2018 14.59.23.csv
2018-03-02 14:13:59.312    l:102   RealmUploader.swift              uploadFiles(for:completionHandler:)        Uploaded file to folder in bucket: IRIS-120022 - Anne-Elisabeth sin iPad - 23.02.2018 14:59:29/Raw - 23 feb. 2018 14.59.23.csv
2018-03-02 14:13:59.871    l:97    RealmUploader.swift              uploadFiles(for:completionHandler:)        ❌ Error uploading: Optional("IRIS-120022 - Anne-Elisabeth sin iPad - 23.02.2018 14:59:29/Log - 23 feb. 2018 14.59.23.log") Error: Error Domain=NSURLErrorDomain Code=-1009 "The Internet connection appears to be offline." UserInfo={NSUnderlyingError=0x1c005d1c0 {Error Domain=kCFErrorDomainCFNetwork Code=-1009 "(null)" UserInfo={NSErrorPeerAddressKey=<CFData 0x1c0284970 [0x1b4211310]>{length = 16, capacity = 16, bytes = 0x100201bb345f94100000000000000000}, _kCFStreamErrorCodeKey=57, _kCFStreamErrorDomainKey=1}}, NSErrorFailingURLStringKey=https://s3.eu-west-2.amazonaws.com/com.moonlabs.iris/IRIS-120022%20-%20Anne-Elisabeth%20sin%20iPad%20-%2023.02.2018%2014%3A59%3A29/Log%20-%2023%20feb.%202018%2014.59.23.log, NSErrorFailingURLKey=https://s3.eu-west-2.amazonaws.com/com.moonlabs.iris/IRIS-120022%20-%20Anne-Elisabeth%20sin%20iPad%20-%2023.02.2018%2014%3A59%3A29/Log%20-%2023%20feb.%202018%2014.59.23.log, _kCFStreamErrorDomainKey=1, _kCFStreamErrorCodeKey=57, NSLocalizedDescription=The Internet connection appears to be offline.}
2018-03-02 14:14:02.512    l:41    RealmUploader.swift              attemptToUploadAllRecordings()             Will attempt to upload all recordings
2018-03-02 14:14:02.514    l:78    RealmUploader.swift              uploadFiles(for:completionHandler:)        Attempting to upload file (2725 bytes) with path: /var/mobile/Containers/Data/Application/BF602907-53D5-4B01-B4E2-ABEDE879F760/Documents/IRIS/Recorded Data/23 feb. 2018 14.59.23/Engine - 23 feb. 2018 14.59.23.csv
2018-03-02 14:14:02.522    l:78    RealmUploader.swift              uploadFiles(for:completionHandler:)        Attempting to upload file (176904 bytes) with path: /var/mobile/Containers/Data/Application/BF602907-53D5-4B01-B4E2-ABEDE879F760/Documents/IRIS/Recorded Data/23 feb. 2018 14.59.23/Log - 23 feb. 2018 14.59.23.log
2018-03-02 14:14:02.525    l:78    RealmUploader.swift              uploadFiles(for:completionHandler:)        Attempting to upload file (1134592 bytes) with path: /var/mobile/Containers/Data/Application/BF602907-53D5-4B01-B4E2-ABEDE879F760/Documents/IRIS/Recorded Data/23 feb. 2018 14.59.23/Raw - 23 feb. 2018 14.59.23.csv
2018-03-02 14:14:03.238    l:102   RealmUploader.swift              uploadFiles(for:completionHandler:)        Uploaded file to folder in bucket: IRIS-120022 - Anne-Elisabeth sin iPad - 23.02.2018 14:59:29/Engine - 23 feb. 2018 14.59.23.csv
2018-03-02 14:14:03.623    l:102   RealmUploader.swift              uploadFiles(for:completionHandler:)        Uploaded file to folder in bucket: IRIS-120022 - Anne-Elisabeth sin iPad - 23.02.2018 14:59:29/Log - 23 feb. 2018 14.59.23.log
2018-03-02 14:14:03.845    l:102   RealmUploader.swift              uploadFiles(for:completionHandler:)        Uploaded file to folder in bucket: IRIS-120022 - Anne-Elisabeth sin iPad - 23.02.2018 14:59:29/Raw - 23 feb. 2018 14.59.23.csv
2018-03-02 14:15:26.667    l:331   IrisManager.swift                centralManager(_:didDisconnectPeriphe...   Disconnected from IRIS(name: IRIS-120022, deviceID: <20A1AFE9 3B540F10>, connected: false, bleUUID: 478B6CB1-CF16-3885-7A75-624299730788). With error Optional(Error Domain=CBErrorDomain Code=6 "The connection has timed out unexpectedly." UserInfo={NSLocalizedDescription=The connection has timed out unexpectedly.})
2018-03-02 14:15:26.668    l:207   IrisManager.swift                removeFromConnectedIrises(iris:)           Available: [], connecting: [], connected: [IRIS(name: IRIS-120022, deviceID: <20A1AFE9 3B540F10>, connected: false, bleUUID: 478B6CB1-CF16-3885-7A75-624299730788)]
2018-03-02 14:15:26.669    l:212   IrisManager.swift                removeFromConnectedIrises(iris:)           Available: [], connecting: [], connected: []
2018-03-02 14:15:26.670    l:213   IrisManager.swift                removeFromConnectedIrises(iris:)           IRIS(name: IRIS-120022, deviceID: <20A1AFE9 3B540F10>, connected: false, bleUUID: 478B6CB1-CF16-3885-7A75-624299730788)
2018-03-02 14:15:26.671    l:115   IrisSessionManager.swift         setup()                                    Disconnected from: IRIS(name: IRIS-120022, deviceID: <20A1AFE9 3B540F10>, connected: false, bleUUID: 478B6CB1-CF16-3885-7A75-624299730788)
2018-03-02 14:15:26.672    l:66    BiosensePattern.swift            deactivate()                               
2018-03-02 14:15:26.672    l:41    RealmUploader.swift              attemptToUploadAllRecordings()             Will attempt to upload all recordings
2018-03-02 14:15:26.682    l:214   IrisSessionManager.swift         stopRecording()                            Stopping recording...
